27969
71542453
38333634
95040307
88069863
21105010
53251253
81698489
134303633
18829331
119950719
4204515
19572115
54076219
85991808
5763162
1050851
124306686
143458816
74517034
80925813
118604896
165880719
68333647
30376203
10396182
19896884
18028725
16409844
3810302
104610226
152414442
33691614
23535499
1404047
153080109
50507629
48407
127466733
1912164
19839550
34119081
45604270
426822
64081205
117276354
106240652
161574224
9001555
1739968
12962517
78141247
5393578
748376
43693548
10841666
128407357
90913314
21516608
13329113
559987
164471289
8346
6510792
137958636
168663559
437167
124554802
111259
99388630
5925141
35322240
106473961
1152460
341805
116310862
43935970
18638744
46753043
3989757
19751626
151628358
29009269
47483606
9588785
40306232
129017374
766597
22550128
1834718
24949969
132022114
108840459
730617
69300642
14921067
16442356
11071315
103295668
133791402
