41
83
101938982807685105109
1071101031167212211284102109106108
7993861041101078612173791139411887
11892117113121100119121808790921029572
107118739080737597848111711987121
10611698116767611910710077119997311596115122778579791089812185748911788
8411385114
80111997986
1021041221021058510396107
899995111119122791197597918092107114101108968578

1089010896831117594971181141051099699114
8588808582100947485747379748472
76891118480113927584788410973120113
88114111879690
102117959710210811310294111101100871081041121029811690115115105
8795831067910410311911312283838711085119105
1031218997108939511882110949887116727881103
12112296113121100108102
1119280
1108311785110
117867280
11985949586116729689731057411080957811110912110492
881021129495807894109120113104
8385949897115981209176851087411697117103
106117110112797286999877
9486731021098412010587
8811891
881058511783110
96119121116778886
113110100
99113747411283741167412072
89
851137372
92
849910012082789711596991111107577771081001188378989911911276
121114117908781111102
91947489113109739912099104
109107751068511397
849310096113115837412096
